==31471== Memcheck, a memory error detector
==31471== Copyright (C) 2002-2017, and GNU GPL'd, by Julian Seward et al.
==31471== Using Valgrind-3.13.0 and LibVEX; rerun with -h for copyright info
==31471== Command: /rhome/l/lbuturovic1/workspace/TP/ZSR1/Z14/.runme
==31471== Parent PID: 31464
==31471== 
==31471== 
==31471== Process terminating with default action of signal 1 (SIGHUP)
==31471==    at 0x54D7081: read (read.c:27)
==31471==    by 0x5454147: _IO_file_underflow@@GLIBC_2.2.5 (fileops.c:531)
==31471==    by 0x54553F1: _IO_default_uflow (genops.c:380)
==31471==    by 0x512B95C: __gnu_cxx::stdio_sync_filebuf<char, std::char_traits<char> >::underflow() (in /usr/lib/x86_64-linux-gnu/libstdc++.so.6.0.25)
==31471==    by 0x5139739: std::istream::sentry::sentry(std::istream&, bool) (in /usr/lib/x86_64-linux-gnu/libstdc++.so.6.0.25)
==31471==    by 0x513996D: std::istream::operator>>(int&) (in /usr/lib/x86_64-linux-gnu/libstdc++.so.6.0.25)
==31471==    by 0x108936: main (main (1).cpp:9)
==31471== 
==31471== HEAP SUMMARY:
==31471==     in use at exit: 0 bytes in 0 blocks
==31471==   total heap usage: 2 allocs, 2 frees, 73,728 bytes allocated
==31471== 
==31471== All heap blocks were freed -- no leaks are possible
==31471== 
==31471== For counts of detected and suppressed errors, rerun with: -v
==31471== ERROR SUMMARY: 0 errors from 0 contexts (suppressed: 0 from 0)
