==16633== Memcheck, a memory error detector
==16633== Copyright (C) 2002-2017, and GNU GPL'd, by Julian Seward et al.
==16633== Using Valgrind-3.13.0 and LibVEX; rerun with -h for copyright info
==16633== Command: /rhome/l/lbuturovic1/workspace/TP/T4/Z4/.runme
==16633== Parent PID: 16607
==16633== 
==16633== 
==16633== Process terminating with default action of signal 1 (SIGHUP)
==16633==    at 0x56EF081: read (read.c:27)
==16633==    by 0x566C147: _IO_file_underflow@@GLIBC_2.2.5 (fileops.c:531)
==16633==    by 0x566D3F1: _IO_default_uflow (genops.c:380)
==16633==    by 0x512B95C: __gnu_cxx::stdio_sync_filebuf<char, std::char_traits<char> >::underflow() (in /usr/lib/x86_64-linux-gnu/libstdc++.so.6.0.25)
==16633==    by 0x5139739: std::istream::sentry::sentry(std::istream&, bool) (in /usr/lib/x86_64-linux-gnu/libstdc++.so.6.0.25)
==16633==    by 0x513BCCD: std::istream& std::istream::_M_extract<double>(double&) (in /usr/lib/x86_64-linux-gnu/libstdc++.so.6.0.25)
==16633==    by 0x10930A: void UnosBroja<double>(std::__cxx11::basic_string<char, std::char_traits<char>, std::allocator<char> >, std::__cxx11::basic_string<char, std::char_traits<char>, std::allocator<char> >, double&) (main.cpp:9)
==16633==    by 0x108FE1: main (main.cpp:26)
==16633== 
==16633== HEAP SUMMARY:
==16633==     in use at exit: 37 bytes in 1 blocks
==16633==   total heap usage: 3 allocs, 2 frees, 73,765 bytes allocated
==16633== 
==16633== LEAK SUMMARY:
==16633==    definitely lost: 0 bytes in 0 blocks
==16633==    indirectly lost: 0 bytes in 0 blocks
==16633==      possibly lost: 0 bytes in 0 blocks
==16633==    still reachable: 37 bytes in 1 blocks
==16633==         suppressed: 0 bytes in 0 blocks
==16633== Reachable blocks (those to which a pointer was found) are not shown.
==16633== To see them, rerun with: --leak-check=full --show-leak-kinds=all
==16633== 
==16633== For counts of detected and suppressed errors, rerun with: -v
==16633== ERROR SUMMARY: 0 errors from 0 contexts (suppressed: 0 from 0)
