[New LWP 28124]
Core was generated by `'.
Program terminated with signal SIGXCPU, CPU time limit exceeded.
#0  0x0000000000109b11 in ?? ()
#0  0x0000000000109b11 in ?? ()
#1  0x0000000010b32800 in ?? ()
#2  0x0000000010b63d40 in ?? ()
#3  0x0000000000001102 in std::_Function_base::_Base_manager<IteriranaFunkcija(std::function<int(int)>, int)::<lambda(int)> >::_M_not_empty_function<IteriranaFunkcija(std::function<int(int)>, int)::<lambda(int)> >(const <lambda(int)> &) () at /usr/include/c++/7/bits/std_function.h:259
#4  0x0000000000109789 in ?? ()
#5  0x0000000010b32800 in ?? ()
#6  0x0000000010b63d40 in ?? ()
#7  0x0000001ffef663f0 in ?? ()
#8  0x00000000001097d6 in ?? ()
#9  0x0000000010b32790 in ?? ()
#10 0x0000000010b63cd0 in ?? ()
#11 0x0000000010b63cd0 in ?? ()
#12 0x0000000010b32790 in ?? ()
#13 0x0000001ffef66450 in ?? ()
#14 0x00000000001093bc in ?? ()
#15 0x00000000059cbd80 in ?? ()
#16 0x0000000000109b2f in ?? ()
#17 0x0000000010b013a0 in ?? ()
#18 0x0000000210b32870 in ?? ()
#19 0x0000000010b32790 in ?? ()
#20 0x0000000010b63cd0 in ?? ()
#21 0x0000001ffef66450 in ?? ()
#22 0xdcfdbbc408668000 in ?? ()
#23 0x0000000010b013a0 in ?? ()
#24 0x0000000010b63cd0 in ?? ()
#25 0x0000001ffef66480 in ?? ()
#26 0x0000000000109b2f in ?? ()
#27 0x0000000010b32790 in ?? ()
#28 0x0000000010b63cd0 in ?? ()
#29 0x0000000000001102 in std::_Function_base::_Base_manager<IteriranaFunkcija(std::function<int(int)>, int)::<lambda(int)> >::_M_not_empty_function<IteriranaFunkcija(std::function<int(int)>, int)::<lambda(int)> >(const <lambda(int)> &) () at /usr/include/c++/7/bits/std_function.h:259
Backtrace stopped: previous frame inner to this frame (corrupt stack?)
