==3136== Memcheck, a memory error detector
==3136== Copyright (C) 2002-2017, and GNU GPL'd, by Julian Seward et al.
==3136== Using Valgrind-3.13.0 and LibVEX; rerun with -h for copyright info
==3136== Command: /rhome/l/lbuturovic1/workspace/TP/T7/Z2/.runme
==3136== Parent PID: 3116
==3136== 
==3136== 
==3136== Process terminating with default action of signal 15 (SIGTERM)
==3136==    at 0x56EF081: read (read.c:27)
==3136==    by 0x566C147: _IO_file_underflow@@GLIBC_2.2.5 (fileops.c:531)
==3136==    by 0x566D3F1: _IO_default_uflow (genops.c:380)
==3136==    by 0x512B95C: __gnu_cxx::stdio_sync_filebuf<char, std::char_traits<char> >::underflow() (in /usr/lib/x86_64-linux-gnu/libstdc++.so.6.0.25)
==3136==    by 0x5139739: std::istream::sentry::sentry(std::istream&, bool) (in /usr/lib/x86_64-linux-gnu/libstdc++.so.6.0.25)
==3136==    by 0x513996D: std::istream::operator>>(int&) (in /usr/lib/x86_64-linux-gnu/libstdc++.so.6.0.25)
==3136==    by 0x108EE6: main (main.cpp:18)
==3136== 
==3136== HEAP SUMMARY:
==3136==     in use at exit: 0 bytes in 0 blocks
==3136==   total heap usage: 2 allocs, 2 frees, 73,728 bytes allocated
==3136== 
==3136== All heap blocks were freed -- no leaks are possible
==3136== 
==3136== For counts of detected and suppressed errors, rerun with: -v
==3136== ERROR SUMMARY: 0 errors from 0 contexts (suppressed: 0 from 0)
