==3315== Memcheck, a memory error detector
==3315== Copyright (C) 2002-2017, and GNU GPL'd, by Julian Seward et al.
==3315== Using Valgrind-3.13.0 and LibVEX; rerun with -h for copyright info
==3315== Command: /rhome/l/lbuturovic1/workspace/TP/Z1/Z3/.runme
==3315== Parent PID: 3296
==3315== 
==3315== 
==3315== Process terminating with default action of signal 15 (SIGTERM)
==3315==    at 0x56EF081: read (read.c:27)
==3315==    by 0x566C147: _IO_file_underflow@@GLIBC_2.2.5 (fileops.c:531)
==3315==    by 0x566D3F1: _IO_default_uflow (genops.c:380)
==3315==    by 0x512B95C: __gnu_cxx::stdio_sync_filebuf<char, std::char_traits<char> >::underflow() (in /usr/lib/x86_64-linux-gnu/libstdc++.so.6.0.25)
==3315==    by 0x5139739: std::istream::sentry::sentry(std::istream&, bool) (in /usr/lib/x86_64-linux-gnu/libstdc++.so.6.0.25)
==3315==    by 0x513996D: std::istream::operator>>(int&) (in /usr/lib/x86_64-linux-gnu/libstdc++.so.6.0.25)
==3315==    by 0x109C61: main (main.cpp:101)
==3315== 
==3315== HEAP SUMMARY:
==3315==     in use at exit: 0 bytes in 0 blocks
==3315==   total heap usage: 2 allocs, 2 frees, 73,728 bytes allocated
==3315== 
==3315== All heap blocks were freed -- no leaks are possible
==3315== 
==3315== For counts of detected and suppressed errors, rerun with: -v
==3315== ERROR SUMMARY: 0 errors from 0 contexts (suppressed: 0 from 0)
