==24210== Memcheck, a memory error detector
==24210== Copyright (C) 2002-2017, and GNU GPL'd, by Julian Seward et al.
==24210== Using Valgrind-3.13.0 and LibVEX; rerun with -h for copyright info
==24210== Command: /rhome/l/lbuturovic1/workspace/TP/T1/Z2/.runme
==24210== Parent PID: 24193
==24210== 
==24210== Conditional jump or move depends on uninitialised value(s)
==24210==    at 0x108B78: main (main.cpp:9)
==24210== 
==24210== Conditional jump or move depends on uninitialised value(s)
==24210==    at 0x108B87: main (main.cpp:9)
==24210== 
==24210== Conditional jump or move depends on uninitialised value(s)
==24210==    at 0x108B96: main (main.cpp:9)
==24210== 
==24210== Conditional jump or move depends on uninitialised value(s)
==24210==    at 0x108BAF: main (main.cpp:9)
==24210== 
==24210== Conditional jump or move depends on uninitialised value(s)
==24210==    at 0x108BC8: main (main.cpp:9)
==24210== 
==24210== Conditional jump or move depends on uninitialised value(s)
==24210==    at 0x108BE1: main (main.cpp:9)
==24210== 
==24210== 
==24210== Process terminating with default action of signal 1 (SIGHUP)
==24210==    at 0x5875152: write (write.c:27)
==24210==    by 0x57F01BC: _IO_file_write@@GLIBC_2.2.5 (fileops.c:1203)
==24210==    by 0x57F0B2E: new_do_write (fileops.c:457)
==24210==    by 0x57F0B2E: _IO_file_xsputn@@GLIBC_2.2.5 (fileops.c:1277)
==24210==    by 0x57E4976: fwrite (iofwrite.c:39)
==24210==    by 0x5151E93: std::basic_ostream<char, std::char_traits<char> >& std::__ostream_insert<char, std::char_traits<char> >(std::basic_ostream<char, std::char_traits<char> >&, char const*, long) (in /usr/lib/x86_64-linux-gnu/libstdc++.so.6.0.25)
==24210==    by 0x5152206: std::basic_ostream<char, std::char_traits<char> >& std::operator<< <std::char_traits<char> >(std::basic_ostream<char, std::char_traits<char> >&, char const*) (in /usr/lib/x86_64-linux-gnu/libstdc++.so.6.0.25)
==24210==    by 0x108BF9: main (main.cpp:11)
==24210== 
==24210== HEAP SUMMARY:
==24210==     in use at exit: 0 bytes in 0 blocks
==24210==   total heap usage: 2 allocs, 2 frees, 73,728 bytes allocated
==24210== 
==24210== All heap blocks were freed -- no leaks are possible
==24210== 
==24210== For counts of detected and suppressed errors, rerun with: -v
==24210== Use --track-origins=yes to see where uninitialised values come from
==24210== ERROR SUMMARY: 6 errors from 6 contexts (suppressed: 0 from 0)
