==10538== Memcheck, a memory error detector
==10538== Copyright (C) 2002-2017, and GNU GPL'd, by Julian Seward et al.
==10538== Using Valgrind-3.13.0 and LibVEX; rerun with -h for copyright info
==10538== Command: /rhome/l/lbuturovic1/workspace/TP/T5/Z1/.runme
==10538== Parent PID: 10510
==10538== 
==10538== 
==10538== Process terminating with default action of signal 1 (SIGHUP)
==10538==    at 0x54D7081: read (read.c:27)
==10538==    by 0x5454147: _IO_file_underflow@@GLIBC_2.2.5 (fileops.c:531)
==10538==    by 0x54553F1: _IO_default_uflow (genops.c:380)
==10538==    by 0x512B95C: __gnu_cxx::stdio_sync_filebuf<char, std::char_traits<char> >::underflow() (in /usr/lib/x86_64-linux-gnu/libstdc++.so.6.0.25)
==10538==    by 0x50E8A38: std::istream::getline(char*, long, char) (in /usr/lib/x86_64-linux-gnu/libstdc++.so.6.0.25)
==10538==    by 0x108AAA: main (main.cpp:12)
==10538== 
==10538== HEAP SUMMARY:
==10538==     in use at exit: 0 bytes in 0 blocks
==10538==   total heap usage: 2 allocs, 2 frees, 73,728 bytes allocated
==10538== 
==10538== All heap blocks were freed -- no leaks are possible
==10538== 
==10538== For counts of detected and suppressed errors, rerun with: -v
==10538== ERROR SUMMARY: 0 errors from 0 contexts (suppressed: 0 from 0)
