==27368== Memcheck, a memory error detector
==27368== Copyright (C) 2002-2017, and GNU GPL'd, by Julian Seward et al.
==27368== Using Valgrind-3.13.0 and LibVEX; rerun with -h for copyright info
==27368== Command: /rhome/l/lbuturovic1/workspace/TP/T7/Z4/.runme
==27368== Parent PID: 27321
==27368== 
==27368== 
==27368== Process terminating with default action of signal 1 (SIGHUP)
==27368==    at 0x56EF081: read (read.c:27)
==27368==    by 0x566C147: _IO_file_underflow@@GLIBC_2.2.5 (fileops.c:531)
==27368==    by 0x566D3F1: _IO_default_uflow (genops.c:380)
==27368==    by 0x512B95C: __gnu_cxx::stdio_sync_filebuf<char, std::char_traits<char> >::underflow() (in /usr/lib/x86_64-linux-gnu/libstdc++.so.6.0.25)
==27368==    by 0x5139739: std::istream::sentry::sentry(std::istream&, bool) (in /usr/lib/x86_64-linux-gnu/libstdc++.so.6.0.25)
==27368==    by 0x513996D: std::istream::operator>>(int&) (in /usr/lib/x86_64-linux-gnu/libstdc++.so.6.0.25)
==27368==    by 0x10956F: main (main.cpp:21)
==27368== 
==27368== HEAP SUMMARY:
==27368==     in use at exit: 0 bytes in 0 blocks
==27368==   total heap usage: 2 allocs, 2 frees, 73,728 bytes allocated
==27368== 
==27368== All heap blocks were freed -- no leaks are possible
==27368== 
==27368== For counts of detected and suppressed errors, rerun with: -v
==27368== ERROR SUMMARY: 0 errors from 0 contexts (suppressed: 0 from 0)
