[New LWP 19903]
Core was generated by `'.
Program terminated with signal SIGXCPU, CPU time limit exceeded.
#0  0x000000000010a22b in ?? ()
#0  0x000000000010a22b in ?? ()
#1  0x0000000004031600 in ?? ()
#2  0x0000000004027a90 in ?? ()
#3  0x0000001fff0008f0 in ?? ()
#4  0x0000001fff0008e0 in ?? ()
#5  0x0000000000000006 in ?? ()
#6  0x2042010004031600 in ?? ()
#7  0x0000000000000001 in ?? ()
#8  0x0000000000000006 in ?? ()
#9  0x0000000000000001 in ?? ()
#10 0x0000000004027a90 in ?? ()
#11 0x0000001fff0003f0 in ?? ()
#12 0x0000000000000006 in ?? ()
#13 0x00006a6a6a6a2042 in ?? ()
#14 0x0000001fff000430 in ?? ()
#15 0x0000001fff000410 in ?? ()
#16 0x0000000000000005 in ?? ()
#17 0x000000322e332035 in ?? ()
#18 0x0000000004011754 in ?? ()
#19 0x00000000053bd410 in ?? ()
#20 0x0000000000000000 in ?? ()
