==30978== Memcheck, a memory error detector
==30978== Copyright (C) 2002-2017, and GNU GPL'd, by Julian Seward et al.
==30978== Using Valgrind-3.13.0 and LibVEX; rerun with -h for copyright info
==30978== Command: /rhome/l/lbuturovic1/workspace/TP/T7/Z1/.runme
==30978== Parent PID: 30959
==30978== 
==30978== 
==30978== Process terminating with default action of signal 15 (SIGTERM)
==30978==    at 0x56EF081: read (read.c:27)
==30978==    by 0x566C147: _IO_file_underflow@@GLIBC_2.2.5 (fileops.c:531)
==30978==    by 0x566D3F1: _IO_default_uflow (genops.c:380)
==30978==    by 0x512B95C: __gnu_cxx::stdio_sync_filebuf<char, std::char_traits<char> >::underflow() (in /usr/lib/x86_64-linux-gnu/libstdc++.so.6.0.25)
==30978==    by 0x5139739: std::istream::sentry::sentry(std::istream&, bool) (in /usr/lib/x86_64-linux-gnu/libstdc++.so.6.0.25)
==30978==    by 0x513996D: std::istream::operator>>(int&) (in /usr/lib/x86_64-linux-gnu/libstdc++.so.6.0.25)
==30978==    by 0x108E78: main (main.cpp:18)
==30978== 
==30978== HEAP SUMMARY:
==30978==     in use at exit: 0 bytes in 0 blocks
==30978==   total heap usage: 2 allocs, 2 frees, 73,728 bytes allocated
==30978== 
==30978== All heap blocks were freed -- no leaks are possible
==30978== 
==30978== For counts of detected and suppressed errors, rerun with: -v
==30978== ERROR SUMMARY: 0 errors from 0 contexts (suppressed: 0 from 0)
