==3963== Memcheck, a memory error detector
==3963== Copyright (C) 2002-2017, and GNU GPL'd, by Julian Seward et al.
==3963== Using Valgrind-3.13.0 and LibVEX; rerun with -h for copyright info
==3963== Command: /rhome/l/lbuturovic1/workspace/TP/T11/Z5/.runme
==3963== Parent PID: 3946
==3963== 
==3963== 
==3963== Process terminating with default action of signal 1 (SIGHUP)
==3963==    at 0x56EF081: read (read.c:27)
==3963==    by 0x566C147: _IO_file_underflow@@GLIBC_2.2.5 (fileops.c:531)
==3963==    by 0x566D3F1: _IO_default_uflow (genops.c:380)
==3963==    by 0x512B95C: __gnu_cxx::stdio_sync_filebuf<char, std::char_traits<char> >::underflow() (in /usr/lib/x86_64-linux-gnu/libstdc++.so.6.0.25)
==3963==    by 0x50E8A38: std::istream::getline(char*, long, char) (in /usr/lib/x86_64-linux-gnu/libstdc++.so.6.0.25)
==3963==    by 0x10A94A: main (main.cpp:203)
==3963== 
==3963== HEAP SUMMARY:
==3963==     in use at exit: 480 bytes in 7 blocks
==3963==   total heap usage: 9 allocs, 2 frees, 74,208 bytes allocated
==3963== 
==3963== LEAK SUMMARY:
==3963==    definitely lost: 0 bytes in 0 blocks
==3963==    indirectly lost: 0 bytes in 0 blocks
==3963==      possibly lost: 0 bytes in 0 blocks
==3963==    still reachable: 480 bytes in 7 blocks
==3963==         suppressed: 0 bytes in 0 blocks
==3963== Reachable blocks (those to which a pointer was found) are not shown.
==3963== To see them, rerun with: --leak-check=full --show-leak-kinds=all
==3963== 
==3963== For counts of detected and suppressed errors, rerun with: -v
==3963== ERROR SUMMARY: 0 errors from 0 contexts (suppressed: 0 from 0)
