==22920== Memcheck, a memory error detector
==22920== Copyright (C) 2002-2017, and GNU GPL'd, by Julian Seward et al.
==22920== Using Valgrind-3.13.0 and LibVEX; rerun with -h for copyright info
==22920== Command: /rhome/l/lbuturovic1/workspace/TP/Z2/Z4/.runme
==22920== Parent PID: 22890
==22920== 
==22920== 
==22920== Process terminating with default action of signal 15 (SIGTERM)
==22920==    at 0x56EF081: read (read.c:27)
==22920==    by 0x566C147: _IO_file_underflow@@GLIBC_2.2.5 (fileops.c:531)
==22920==    by 0x566D3F1: _IO_default_uflow (genops.c:380)
==22920==    by 0x512B95C: __gnu_cxx::stdio_sync_filebuf<char, std::char_traits<char> >::underflow() (in /usr/lib/x86_64-linux-gnu/libstdc++.so.6.0.25)
==22920==    by 0x5139739: std::istream::sentry::sentry(std::istream&, bool) (in /usr/lib/x86_64-linux-gnu/libstdc++.so.6.0.25)
==22920==    by 0x513996D: std::istream::operator>>(int&) (in /usr/lib/x86_64-linux-gnu/libstdc++.so.6.0.25)
==22920==    by 0x109935: main (main.cpp:75)
==22920== 
==22920== HEAP SUMMARY:
==22920==     in use at exit: 0 bytes in 0 blocks
==22920==   total heap usage: 2 allocs, 2 frees, 73,728 bytes allocated
==22920== 
==22920== All heap blocks were freed -- no leaks are possible
==22920== 
==22920== For counts of detected and suppressed errors, rerun with: -v
==22920== ERROR SUMMARY: 0 errors from 0 contexts (suppressed: 0 from 0)
