==24273== Memcheck, a memory error detector
==24273== Copyright (C) 2002-2017, and GNU GPL'd, by Julian Seward et al.
==24273== Using Valgrind-3.13.0 and LibVEX; rerun with -h for copyright info
==24273== Command: /rhome/l/lbuturovic1/workspace/TP/T12/Z6/.runme
==24273== Parent PID: 24257
==24273== 
==24273== 
==24273== Process terminating with default action of signal 1 (SIGHUP)
==24273==    at 0x56EF081: read (read.c:27)
==24273==    by 0x566C147: _IO_file_underflow@@GLIBC_2.2.5 (fileops.c:531)
==24273==    by 0x566D3F1: _IO_default_uflow (genops.c:380)
==24273==    by 0x512B95C: __gnu_cxx::stdio_sync_filebuf<char, std::char_traits<char> >::underflow() (in /usr/lib/x86_64-linux-gnu/libstdc++.so.6.0.25)
==24273==    by 0x5139739: std::istream::sentry::sentry(std::istream&, bool) (in /usr/lib/x86_64-linux-gnu/libstdc++.so.6.0.25)
==24273==    by 0x513996D: std::istream::operator>>(int&) (in /usr/lib/x86_64-linux-gnu/libstdc++.so.6.0.25)
==24273==    by 0x109279: main (main.cpp:254)
==24273== 
==24273== HEAP SUMMARY:
==24273==     in use at exit: 0 bytes in 0 blocks
==24273==   total heap usage: 2 allocs, 2 frees, 73,728 bytes allocated
==24273== 
==24273== All heap blocks were freed -- no leaks are possible
==24273== 
==24273== For counts of detected and suppressed errors, rerun with: -v
==24273== ERROR SUMMARY: 0 errors from 0 contexts (suppressed: 0 from 0)
