==10796== Memcheck, a memory error detector
==10796== Copyright (C) 2002-2017, and GNU GPL'd, by Julian Seward et al.
==10796== Using Valgrind-3.13.0 and LibVEX; rerun with -h for copyright info
==10796== Command: /rhome/l/lbuturovic1/workspace/TP/T5/Z4/.runme
==10796== Parent PID: 10781
==10796== 
==10796== 
==10796== Process terminating with default action of signal 1 (SIGHUP)
==10796==    at 0x5A8D081: read (read.c:27)
==10796==    by 0x5A0A147: _IO_file_underflow@@GLIBC_2.2.5 (fileops.c:531)
==10796==    by 0x5A0B3F1: _IO_default_uflow (genops.c:380)
==10796==    by 0x512B95C: __gnu_cxx::stdio_sync_filebuf<char, std::char_traits<char> >::underflow() (in /usr/lib/x86_64-linux-gnu/libstdc++.so.6.0.25)
==10796==    by 0x5139739: std::istream::sentry::sentry(std::istream&, bool) (in /usr/lib/x86_64-linux-gnu/libstdc++.so.6.0.25)
==10796==    by 0x513996D: std::istream::operator>>(int&) (in /usr/lib/x86_64-linux-gnu/libstdc++.so.6.0.25)
==10796==    by 0x1090B7: main (main.cpp:45)
==10796== 
==10796== HEAP SUMMARY:
==10796==     in use at exit: 0 bytes in 0 blocks
==10796==   total heap usage: 2 allocs, 2 frees, 73,728 bytes allocated
==10796== 
==10796== All heap blocks were freed -- no leaks are possible
==10796== 
==10796== For counts of detected and suppressed errors, rerun with: -v
==10796== ERROR SUMMARY: 0 errors from 0 contexts (suppressed: 0 from 0)
