==7158== Memcheck, a memory error detector
==7158== Copyright (C) 2002-2017, and GNU GPL'd, by Julian Seward et al.
==7158== Using Valgrind-3.13.0 and LibVEX; rerun with -h for copyright info
==7158== Command: /rhome/l/lbuturovic1/workspace/TP/T4/Z5/.runme
==7158== Parent PID: 7125
==7158== 
==7158== 
==7158== Process terminating with default action of signal 1 (SIGHUP)
==7158==    at 0x56EF081: read (read.c:27)
==7158==    by 0x566C147: _IO_file_underflow@@GLIBC_2.2.5 (fileops.c:531)
==7158==    by 0x566D3F1: _IO_default_uflow (genops.c:380)
==7158==    by 0x512B95C: __gnu_cxx::stdio_sync_filebuf<char, std::char_traits<char> >::underflow() (in /usr/lib/x86_64-linux-gnu/libstdc++.so.6.0.25)
==7158==    by 0x5139739: std::istream::sentry::sentry(std::istream&, bool) (in /usr/lib/x86_64-linux-gnu/libstdc++.so.6.0.25)
==7158==    by 0x513996D: std::istream::operator>>(int&) (in /usr/lib/x86_64-linux-gnu/libstdc++.so.6.0.25)
==7158==    by 0x10947F: main (main.cpp:37)
==7158== 
==7158== HEAP SUMMARY:
==7158==     in use at exit: 0 bytes in 0 blocks
==7158==   total heap usage: 2 allocs, 2 frees, 73,728 bytes allocated
==7158== 
==7158== All heap blocks were freed -- no leaks are possible
==7158== 
==7158== For counts of detected and suppressed errors, rerun with: -v
==7158== ERROR SUMMARY: 0 errors from 0 contexts (suppressed: 0 from 0)
