==6611== Memcheck, a memory error detector
==6611== Copyright (C) 2002-2017, and GNU GPL'd, by Julian Seward et al.
==6611== Using Valgrind-3.13.0 and LibVEX; rerun with -h for copyright info
==6611== Command: /rhome/l/lbuturovic1/workspace/TP/T4/Z3/.runme
==6611== Parent PID: 6565
==6611== 
==6611== 
==6611== Process terminating with default action of signal 1 (SIGHUP)
==6611==    at 0x56EF081: read (read.c:27)
==6611==    by 0x566C147: _IO_file_underflow@@GLIBC_2.2.5 (fileops.c:531)
==6611==    by 0x566D3F1: _IO_default_uflow (genops.c:380)
==6611==    by 0x512B95C: __gnu_cxx::stdio_sync_filebuf<char, std::char_traits<char> >::underflow() (in /usr/lib/x86_64-linux-gnu/libstdc++.so.6.0.25)
==6611==    by 0x5139739: std::istream::sentry::sentry(std::istream&, bool) (in /usr/lib/x86_64-linux-gnu/libstdc++.so.6.0.25)
==6611==    by 0x513996D: std::istream::operator>>(int&) (in /usr/lib/x86_64-linux-gnu/libstdc++.so.6.0.25)
==6611==    by 0x1099B6: main (main.cpp:88)
==6611== 
==6611== HEAP SUMMARY:
==6611==     in use at exit: 0 bytes in 0 blocks
==6611==   total heap usage: 2 allocs, 2 frees, 73,728 bytes allocated
==6611== 
==6611== All heap blocks were freed -- no leaks are possible
==6611== 
==6611== For counts of detected and suppressed errors, rerun with: -v
==6611== ERROR SUMMARY: 0 errors from 0 contexts (suppressed: 0 from 0)
