==31522== Memcheck, a memory error detector
==31522== Copyright (C) 2002-2017, and GNU GPL'd, by Julian Seward et al.
==31522== Using Valgrind-3.13.0 and LibVEX; rerun with -h for copyright info
==31522== Command: /rhome/l/lbuturovic1/workspace/TP/T5/Z3/.runme
==31522== Parent PID: 31496
==31522== 
==31522== 
==31522== Process terminating with default action of signal 15 (SIGTERM)
==31522==    at 0x5875081: read (read.c:27)
==31522==    by 0x57F2147: _IO_file_underflow@@GLIBC_2.2.5 (fileops.c:531)
==31522==    by 0x57F33F1: _IO_default_uflow (genops.c:380)
==31522==    by 0x512B95C: __gnu_cxx::stdio_sync_filebuf<char, std::char_traits<char> >::underflow() (in /usr/lib/x86_64-linux-gnu/libstdc++.so.6.0.25)
==31522==    by 0x5139739: std::istream::sentry::sentry(std::istream&, bool) (in /usr/lib/x86_64-linux-gnu/libstdc++.so.6.0.25)
==31522==    by 0x513996D: std::istream::operator>>(int&) (in /usr/lib/x86_64-linux-gnu/libstdc++.so.6.0.25)
==31522==    by 0x108C98: main (main.cpp:44)
==31522== 
==31522== HEAP SUMMARY:
==31522==     in use at exit: 0 bytes in 0 blocks
==31522==   total heap usage: 2 allocs, 2 frees, 73,728 bytes allocated
==31522== 
==31522== All heap blocks were freed -- no leaks are possible
==31522== 
==31522== For counts of detected and suppressed errors, rerun with: -v
==31522== ERROR SUMMARY: 0 errors from 0 contexts (suppressed: 0 from 0)
