==21546== Memcheck, a memory error detector
==21546== Copyright (C) 2002-2017, and GNU GPL'd, by Julian Seward et al.
==21546== Using Valgrind-3.13.0 and LibVEX; rerun with -h for copyright info
==21546== Command: /rhome/l/lbuturovic1/workspace/TP/Z2/Z5/.runme
==21546== Parent PID: 21539
==21546== 
==21546== 
==21546== Process terminating with default action of signal 1 (SIGHUP)
==21546==    at 0x56EF081: read (read.c:27)
==21546==    by 0x566C147: _IO_file_underflow@@GLIBC_2.2.5 (fileops.c:531)
==21546==    by 0x566D3F1: _IO_default_uflow (genops.c:380)
==21546==    by 0x512B95C: __gnu_cxx::stdio_sync_filebuf<char, std::char_traits<char> >::underflow() (in /usr/lib/x86_64-linux-gnu/libstdc++.so.6.0.25)
==21546==    by 0x50E9F48: std::basic_istream<char, std::char_traits<char> >& std::getline<char, std::char_traits<char>, std::allocator<char> >(std::basic_istream<char, std::char_traits<char> >&, std::__cxx11::basic_string<char, std::char_traits<char>, std::allocator<char> >&, char) (in /usr/lib/x86_64-linux-gnu/libstdc++.so.6.0.25)
==21546==    by 0x109240: main (main.cpp:52)
==21546== 
==21546== HEAP SUMMARY:
==21546==     in use at exit: 0 bytes in 0 blocks
==21546==   total heap usage: 2 allocs, 2 frees, 73,728 bytes allocated
==21546== 
==21546== All heap blocks were freed -- no leaks are possible
==21546== 
==21546== For counts of detected and suppressed errors, rerun with: -v
==21546== ERROR SUMMARY: 0 errors from 0 contexts (suppressed: 0 from 0)
