==9927== Memcheck, a memory error detector
==9927== Copyright (C) 2002-2017, and GNU GPL'd, by Julian Seward et al.
==9927== Using Valgrind-3.13.0 and LibVEX; rerun with -h for copyright info
==9927== Command: /rhome/l/lbuturovic1/workspace/TP/T1/Z1/.runme
==9927== Parent PID: 9900
==9927== 
==9927== 
==9927== Process terminating with default action of signal 1 (SIGHUP)
==9927==    at 0x54D7081: read (read.c:27)
==9927==    by 0x5454147: _IO_file_underflow@@GLIBC_2.2.5 (fileops.c:531)
==9927==    by 0x54553F1: _IO_default_uflow (genops.c:380)
==9927==    by 0x512B95C: __gnu_cxx::stdio_sync_filebuf<char, std::char_traits<char> >::underflow() (in /usr/lib/x86_64-linux-gnu/libstdc++.so.6.0.25)
==9927==    by 0x5139739: std::istream::sentry::sentry(std::istream&, bool) (in /usr/lib/x86_64-linux-gnu/libstdc++.so.6.0.25)
==9927==    by 0x513996D: std::istream::operator>>(int&) (in /usr/lib/x86_64-linux-gnu/libstdc++.so.6.0.25)
==9927==    by 0x108A36: main (main.cpp:8)
==9927== 
==9927== HEAP SUMMARY:
==9927==     in use at exit: 0 bytes in 0 blocks
==9927==   total heap usage: 2 allocs, 2 frees, 73,728 bytes allocated
==9927== 
==9927== All heap blocks were freed -- no leaks are possible
==9927== 
==9927== For counts of detected and suppressed errors, rerun with: -v
==9927== ERROR SUMMARY: 0 errors from 0 contexts (suppressed: 0 from 0)
