==27425== Memcheck, a memory error detector
==27425== Copyright (C) 2002-2017, and GNU GPL'd, by Julian Seward et al.
==27425== Using Valgrind-3.13.0 and LibVEX; rerun with -h for copyright info
==27425== Command: /rhome/l/lbuturovic1/workspace/TP/T1/Z3/.runme
==27425== Parent PID: 27418
==27425== 
==27425== 
==27425== Process terminating with default action of signal 1 (SIGHUP)
==27425==    at 0x5875081: read (read.c:27)
==27425==    by 0x57F2147: _IO_file_underflow@@GLIBC_2.2.5 (fileops.c:531)
==27425==    by 0x57F33F1: _IO_default_uflow (genops.c:380)
==27425==    by 0x512B95C: __gnu_cxx::stdio_sync_filebuf<char, std::char_traits<char> >::underflow() (in /usr/lib/x86_64-linux-gnu/libstdc++.so.6.0.25)
==27425==    by 0x5139739: std::istream::sentry::sentry(std::istream&, bool) (in /usr/lib/x86_64-linux-gnu/libstdc++.so.6.0.25)
==27425==    by 0x513996D: std::istream::operator>>(int&) (in /usr/lib/x86_64-linux-gnu/libstdc++.so.6.0.25)
==27425==    by 0x108D37: main (main.cpp:9)
==27425== 
==27425== HEAP SUMMARY:
==27425==     in use at exit: 0 bytes in 0 blocks
==27425==   total heap usage: 2 allocs, 2 frees, 73,728 bytes allocated
==27425== 
==27425== All heap blocks were freed -- no leaks are possible
==27425== 
==27425== For counts of detected and suppressed errors, rerun with: -v
==27425== ERROR SUMMARY: 0 errors from 0 contexts (suppressed: 0 from 0)
