==23414== Memcheck, a memory error detector
==23414== Copyright (C) 2002-2017, and GNU GPL'd, by Julian Seward et al.
==23414== Using Valgrind-3.13.0 and LibVEX; rerun with -h for copyright info
==23414== Command: /rhome/l/lbuturovic1/workspace/TP/T4/Z1/.runme
==23414== Parent PID: 23392
==23414== 
==23414== 
==23414== Process terminating with default action of signal 1 (SIGHUP)
==23414==    at 0x54D7081: read (read.c:27)
==23414==    by 0x5454147: _IO_file_underflow@@GLIBC_2.2.5 (fileops.c:531)
==23414==    by 0x54553F1: _IO_default_uflow (genops.c:380)
==23414==    by 0x512B95C: __gnu_cxx::stdio_sync_filebuf<char, std::char_traits<char> >::underflow() (in /usr/lib/x86_64-linux-gnu/libstdc++.so.6.0.25)
==23414==    by 0x5139739: std::istream::sentry::sentry(std::istream&, bool) (in /usr/lib/x86_64-linux-gnu/libstdc++.so.6.0.25)
==23414==    by 0x513B90D: std::istream& std::istream::_M_extract<long long>(long long&) (in /usr/lib/x86_64-linux-gnu/libstdc++.so.6.0.25)
==23414==    by 0x108B09: main (main.cpp:24)
==23414== 
==23414== HEAP SUMMARY:
==23414==     in use at exit: 0 bytes in 0 blocks
==23414==   total heap usage: 2 allocs, 2 frees, 73,728 bytes allocated
==23414== 
==23414== All heap blocks were freed -- no leaks are possible
==23414== 
==23414== For counts of detected and suppressed errors, rerun with: -v
==23414== ERROR SUMMARY: 0 errors from 0 contexts (suppressed: 0 from 0)
