==9645== Memcheck, a memory error detector
==9645== Copyright (C) 2002-2017, and GNU GPL'd, by Julian Seward et al.
==9645== Using Valgrind-3.13.0 and LibVEX; rerun with -h for copyright info
==9645== Command: /rhome/l/lbuturovic1/workspace/TP/T3/Z5/.runme
==9645== Parent PID: 9627
==9645== 
==9645== Conditional jump or move depends on uninitialised value(s)
==9645==    at 0x108F6C: main (main.cpp:36)
==9645== 
==9645== 
==9645== Process terminating with default action of signal 1 (SIGHUP)
==9645==    at 0x56EF152: write (write.c:27)
==9645==    by 0x566A1BC: _IO_file_write@@GLIBC_2.2.5 (fileops.c:1203)
==9645==    by 0x566AB2E: new_do_write (fileops.c:457)
==9645==    by 0x566AB2E: _IO_file_xsputn@@GLIBC_2.2.5 (fileops.c:1277)
==9645==    by 0x565E976: fwrite (iofwrite.c:39)
==9645==    by 0x5151E93: std::basic_ostream<char, std::char_traits<char> >& std::__ostream_insert<char, std::char_traits<char> >(std::basic_ostream<char, std::char_traits<char> >&, char const*, long) (in /usr/lib/x86_64-linux-gnu/libstdc++.so.6.0.25)
==9645==    by 0x5152206: std::basic_ostream<char, std::char_traits<char> >& std::operator<< <std::char_traits<char> >(std::basic_ostream<char, std::char_traits<char> >&, char const*) (in /usr/lib/x86_64-linux-gnu/libstdc++.so.6.0.25)
==9645==    by 0x108F80: main (main.cpp:37)
==9645== 
==9645== HEAP SUMMARY:
==9645==     in use at exit: 0 bytes in 0 blocks
==9645==   total heap usage: 2 allocs, 2 frees, 73,728 bytes allocated
==9645== 
==9645== All heap blocks were freed -- no leaks are possible
==9645== 
==9645== For counts of detected and suppressed errors, rerun with: -v
==9645== Use --track-origins=yes to see where uninitialised values come from
==9645== ERROR SUMMARY: 1 errors from 1 contexts (suppressed: 0 from 0)
