==25787== Memcheck, a memory error detector
==25787== Copyright (C) 2002-2017, and GNU GPL'd, by Julian Seward et al.
==25787== Using Valgrind-3.13.0 and LibVEX; rerun with -h for copyright info
==25787== Command: /rhome/l/lbuturovic1/workspace/TP/ZSR1/Z3/.runme
==25787== Parent PID: 25780
==25787== 
==25787== 
==25787== Process terminating with default action of signal 1 (SIGHUP)
==25787==    at 0x54D7081: read (read.c:27)
==25787==    by 0x5454147: _IO_file_underflow@@GLIBC_2.2.5 (fileops.c:531)
==25787==    by 0x54553F1: _IO_default_uflow (genops.c:380)
==25787==    by 0x512B95C: __gnu_cxx::stdio_sync_filebuf<char, std::char_traits<char> >::underflow() (in /usr/lib/x86_64-linux-gnu/libstdc++.so.6.0.25)
==25787==    by 0x5139739: std::istream::sentry::sentry(std::istream&, bool) (in /usr/lib/x86_64-linux-gnu/libstdc++.so.6.0.25)
==25787==    by 0x513BCCD: std::istream& std::istream::_M_extract<double>(double&) (in /usr/lib/x86_64-linux-gnu/libstdc++.so.6.0.25)
==25787==    by 0x108996: main (main.cpp:22)
==25787== 
==25787== HEAP SUMMARY:
==25787==     in use at exit: 0 bytes in 0 blocks
==25787==   total heap usage: 2 allocs, 2 frees, 73,728 bytes allocated
==25787== 
==25787== All heap blocks were freed -- no leaks are possible
==25787== 
==25787== For counts of detected and suppressed errors, rerun with: -v
==25787== ERROR SUMMARY: 0 errors from 0 contexts (suppressed: 0 from 0)
