==16630== Memcheck, a memory error detector
==16630== Copyright (C) 2002-2017, and GNU GPL'd, by Julian Seward et al.
==16630== Using Valgrind-3.13.0 and LibVEX; rerun with -h for copyright info
==16630== Command: /rhome/l/lbuturovic1/workspace/TP/T8/Z2/.runme
==16630== Parent PID: 16611
==16630== 
==16630== 
==16630== Process terminating with default action of signal 15 (SIGTERM)
==16630==    at 0x56EF081: read (read.c:27)
==16630==    by 0x566C147: _IO_file_underflow@@GLIBC_2.2.5 (fileops.c:531)
==16630==    by 0x566D3F1: _IO_default_uflow (genops.c:380)
==16630==    by 0x512B95C: __gnu_cxx::stdio_sync_filebuf<char, std::char_traits<char> >::underflow() (in /usr/lib/x86_64-linux-gnu/libstdc++.so.6.0.25)
==16630==    by 0x5139739: std::istream::sentry::sentry(std::istream&, bool) (in /usr/lib/x86_64-linux-gnu/libstdc++.so.6.0.25)
==16630==    by 0x513996D: std::istream::operator>>(int&) (in /usr/lib/x86_64-linux-gnu/libstdc++.so.6.0.25)
==16630==    by 0x109428: main (main.cpp:27)
==16630== 
==16630== HEAP SUMMARY:
==16630==     in use at exit: 0 bytes in 0 blocks
==16630==   total heap usage: 2 allocs, 2 frees, 73,728 bytes allocated
==16630== 
==16630== All heap blocks were freed -- no leaks are possible
==16630== 
==16630== For counts of detected and suppressed errors, rerun with: -v
==16630== ERROR SUMMARY: 0 errors from 0 contexts (suppressed: 0 from 0)
