==21217== Memcheck, a memory error detector
==21217== Copyright (C) 2002-2017, and GNU GPL'd, by Julian Seward et al.
==21217== Using Valgrind-3.13.0 and LibVEX; rerun with -h for copyright info
==21217== Command: /rhome/l/lbuturovic1/workspace/TP/T6/Z1/.runme
==21217== Parent PID: 21198
==21217== 
==21217== 
==21217== Process terminating with default action of signal 15 (SIGTERM)
==21217==    at 0x5A8D081: read (read.c:27)
==21217==    by 0x5A0A147: _IO_file_underflow@@GLIBC_2.2.5 (fileops.c:531)
==21217==    by 0x5A0B3F1: _IO_default_uflow (genops.c:380)
==21217==    by 0x512B95C: __gnu_cxx::stdio_sync_filebuf<char, std::char_traits<char> >::underflow() (in /usr/lib/x86_64-linux-gnu/libstdc++.so.6.0.25)
==21217==    by 0x5139739: std::istream::sentry::sentry(std::istream&, bool) (in /usr/lib/x86_64-linux-gnu/libstdc++.so.6.0.25)
==21217==    by 0x513996D: std::istream::operator>>(int&) (in /usr/lib/x86_64-linux-gnu/libstdc++.so.6.0.25)
==21217==    by 0x1092A7: main (main.cpp:39)
==21217== 
==21217== HEAP SUMMARY:
==21217==     in use at exit: 0 bytes in 0 blocks
==21217==   total heap usage: 2 allocs, 2 frees, 73,728 bytes allocated
==21217== 
==21217== All heap blocks were freed -- no leaks are possible
==21217== 
==21217== For counts of detected and suppressed errors, rerun with: -v
==21217== ERROR SUMMARY: 0 errors from 0 contexts (suppressed: 0 from 0)
