==25049== Memcheck, a memory error detector
==25049== Copyright (C) 2002-2017, and GNU GPL'd, by Julian Seward et al.
==25049== Using Valgrind-3.13.0 and LibVEX; rerun with -h for copyright info
==25049== Command: /rhome/l/lbuturovic1/workspace/TP/Z2/Z6/.runme
==25049== Parent PID: 25021
==25049== 
==25049== 
==25049== Process terminating with default action of signal 15 (SIGTERM)
==25049==    at 0x56EF081: read (read.c:27)
==25049==    by 0x566C147: _IO_file_underflow@@GLIBC_2.2.5 (fileops.c:531)
==25049==    by 0x566D3F1: _IO_default_uflow (genops.c:380)
==25049==    by 0x512B95C: __gnu_cxx::stdio_sync_filebuf<char, std::char_traits<char> >::underflow() (in /usr/lib/x86_64-linux-gnu/libstdc++.so.6.0.25)
==25049==    by 0x51396F9: std::istream::sentry::sentry(std::istream&, bool) (in /usr/lib/x86_64-linux-gnu/libstdc++.so.6.0.25)
==25049==    by 0x50E98D2: std::basic_istream<char, std::char_traits<char> >& std::operator>><char, std::char_traits<char>, std::allocator<char> >(std::basic_istream<char, std::char_traits<char> >&, std::__cxx11::basic_string<char, std::char_traits<char>, std::allocator<char> >&) (in /usr/lib/x86_64-linux-gnu/libstdc++.so.6.0.25)
==25049==    by 0x109650: main (main.cpp:48)
==25049== 
==25049== HEAP SUMMARY:
==25049==     in use at exit: 168 bytes in 1 blocks
==25049==   total heap usage: 3 allocs, 2 frees, 73,896 bytes allocated
==25049== 
==25049== LEAK SUMMARY:
==25049==    definitely lost: 0 bytes in 0 blocks
==25049==    indirectly lost: 0 bytes in 0 blocks
==25049==      possibly lost: 0 bytes in 0 blocks
==25049==    still reachable: 168 bytes in 1 blocks
==25049==         suppressed: 0 bytes in 0 blocks
==25049== Reachable blocks (those to which a pointer was found) are not shown.
==25049== To see them, rerun with: --leak-check=full --show-leak-kinds=all
==25049== 
==25049== For counts of detected and suppressed errors, rerun with: -v
==25049== ERROR SUMMARY: 0 errors from 0 contexts (suppressed: 0 from 0)
