==1734== Memcheck, a memory error detector
==1734== Copyright (C) 2002-2017, and GNU GPL'd, by Julian Seward et al.
==1734== Using Valgrind-3.13.0 and LibVEX; rerun with -h for copyright info
==1734== Command: /rhome/l/lbuturovic1/workspace/TP/Z4/Z5/.runme
==1734== Parent PID: 1661
==1734== 
==1734== 
==1734== Process terminating with default action of signal 1 (SIGHUP)
==1734==    at 0x56EF081: read (read.c:27)
==1734==    by 0x566C147: _IO_file_underflow@@GLIBC_2.2.5 (fileops.c:531)
==1734==    by 0x566D3F1: _IO_default_uflow (genops.c:380)
==1734==    by 0x512B95C: __gnu_cxx::stdio_sync_filebuf<char, std::char_traits<char> >::underflow() (in /usr/lib/x86_64-linux-gnu/libstdc++.so.6.0.25)
==1734==    by 0x5139739: std::istream::sentry::sentry(std::istream&, bool) (in /usr/lib/x86_64-linux-gnu/libstdc++.so.6.0.25)
==1734==    by 0x513996D: std::istream::operator>>(int&) (in /usr/lib/x86_64-linux-gnu/libstdc++.so.6.0.25)
==1734==    by 0x10B9A2: main (main.cpp:356)
==1734== 
==1734== HEAP SUMMARY:
==1734==     in use at exit: 0 bytes in 0 blocks
==1734==   total heap usage: 2 allocs, 2 frees, 73,728 bytes allocated
==1734== 
==1734== All heap blocks were freed -- no leaks are possible
==1734== 
==1734== For counts of detected and suppressed errors, rerun with: -v
==1734== ERROR SUMMARY: 0 errors from 0 contexts (suppressed: 0 from 0)
