[New LWP 28473]
Core was generated by `'.
Program terminated with signal SIGXCPU, CPU time limit exceeded.
#0  0x00000000050e7e80 in ?? ()
#0  0x00000000050e7e80 in ?? ()
#1  0x000000000010a812 in ?? ()
#2  0x00000000ff000850 in ?? ()
#3  0x0000001fff000828 in ?? ()
#4  0x0000001fff0008b8 in ?? ()
#5  0x2fb8819c7f081c00 in ?? ()
#6  0x0000001fff000850 in ?? ()
#7  0x0000000000109dc6 in ?? ()
#8  0x0000000005d80830 in ?? ()
#9  0x0000001fff0008b0 in ?? ()
#10 0x0000000000000002 in ?? ()
#11 0x0000001fff0008b8 in ?? ()
#12 0x0000001fff000850 in ?? ()
#13 0x2fb8819c7f081c00 in ?? ()
#14 0x0000000005d80830 in ?? ()
#15 0x0000000000000003 in ?? ()
#16 0x0000001fff000920 in ?? ()
#17 0x000000000010a045 in ?? ()
#18 0x0000000300000007 in ?? ()
#19 0x0000000200000007 in ?? ()
#20 0x0000000005d80260 in ?? ()
#21 0x0000000005d80340 in ?? ()
#22 0x0000000005d80360 in ?? ()
#23 0x0000000005622489 in ?? ()
#24 0x0000000005d807d0 in ?? ()
#25 0x0000000005d80860 in ?? ()
#26 0x0000000005d80860 in ?? ()
#27 0x0000000000310c38 in ?? ()
#28 0x0000000005d803a0 in ?? ()
#29 0x0000000000000000 in ?? ()
