==6314== Memcheck, a memory error detector
==6314== Copyright (C) 2002-2017, and GNU GPL'd, by Julian Seward et al.
==6314== Using Valgrind-3.13.0 and LibVEX; rerun with -h for copyright info
==6314== Command: /rhome/l/lbuturovic1/workspace/TP/T6/Z6/.runme
==6314== Parent PID: 6298
==6314== 
==6314== 
==6314== Process terminating with default action of signal 1 (SIGHUP)
==6314==    at 0x10B6C5: std::_Deque_iterator<int, int&, int*> std::__copy_move<false, false, std::random_access_iterator_tag>::__copy_m<std::_Deque_iterator<int, int const&, int const*>, std::_Deque_iterator<int, int&, int*> >(std::_Deque_iterator<int, int const&, int const*>, std::_Deque_iterator<int, int const&, int const*>, std::_Deque_iterator<int, int&, int*>) (stl_algobase.h:324)
==6314==    by 0x10B671: std::_Deque_iterator<int, int&, int*> std::__copy_move_a<false, std::_Deque_iterator<int, int const&, int const*>, std::_Deque_iterator<int, int&, int*> >(std::_Deque_iterator<int, int const&, int const*>, std::_Deque_iterator<int, int const&, int const*>, std::_Deque_iterator<int, int&, int*>) (stl_algobase.h:386)
==6314==    by 0x10B595: std::_Deque_iterator<int, int&, int*> std::__copy_move_a2<false, std::_Deque_iterator<int, int const&, int const*>, std::_Deque_iterator<int, int&, int*> >(std::_Deque_iterator<int, int const&, int const*>, std::_Deque_iterator<int, int const&, int const*>, std::_Deque_iterator<int, int&, int*>) (stl_algobase.h:424)
==6314==    by 0x10B489: std::_Deque_iterator<int, int&, int*> std::copy<std::_Deque_iterator<int, int const&, int const*>, std::_Deque_iterator<int, int&, int*> >(std::_Deque_iterator<int, int const&, int const*>, std::_Deque_iterator<int, int const&, int const*>, std::_Deque_iterator<int, int&, int*>) (stl_algobase.h:456)
==6314==    by 0x10B3D6: std::_Deque_iterator<int, int&, int*> std::__uninitialized_copy<true>::__uninit_copy<std::_Deque_iterator<int, int const&, int const*>, std::_Deque_iterator<int, int&, int*> >(std::_Deque_iterator<int, int const&, int const*>, std::_Deque_iterator<int, int const&, int const*>, std::_Deque_iterator<int, int&, int*>) (stl_uninitialized.h:101)
==6314==    by 0x10B35B: std::_Deque_iterator<int, int&, int*> std::uninitialized_copy<std::_Deque_iterator<int, int const&, int const*>, std::_Deque_iterator<int, int&, int*> >(std::_Deque_iterator<int, int const&, int const*>, std::_Deque_iterator<int, int const&, int const*>, std::_Deque_iterator<int, int&, int*>) (stl_uninitialized.h:134)
==6314==    by 0x10B251: std::_Deque_iterator<int, int&, int*> std::__uninitialized_copy_a<std::_Deque_iterator<int, int const&, int const*>, std::_Deque_iterator<int, int&, int*>, int>(std::_Deque_iterator<int, int const&, int const*>, std::_Deque_iterator<int, int const&, int const*>, std::_Deque_iterator<int, int&, int*>, std::allocator<int>&) (stl_uninitialized.h:289)
==6314==    by 0x10B03F: std::deque<int, std::allocator<int> >::deque(std::deque<int, std::allocator<int> > const&) (stl_deque.h:950)
==6314==    by 0x10ADCA: void std::_Construct<std::deque<int, std::allocator<int> >, std::deque<int, std::allocator<int> > const&>(std::deque<int, std::allocator<int> >*, std::deque<int, std::allocator<int> > const&) (stl_construct.h:75)
==6314==    by 0x10ACA0: std::deque<int, std::allocator<int> >* std::__uninitialized_fill_n<false>::__uninit_fill_n<std::deque<int, std::allocator<int> >*, unsigned long, std::deque<int, std::allocator<int> > >(std::deque<int, std::allocator<int> >*, unsigned long, std::deque<int, std::allocator<int> > const&) (stl_uninitialized.h:210)
==6314==    by 0x10A8A9: std::deque<int, std::allocator<int> >* std::uninitialized_fill_n<std::deque<int, std::allocator<int> >*, unsigned long, std::deque<int, std::allocator<int> > >(std::deque<int, std::allocator<int> >*, unsigned long, std::deque<int, std::allocator<int> > const&) (stl_uninitialized.h:255)
==6314==    by 0x10A303: std::deque<int, std::allocator<int> >* std::__uninitialized_fill_n_a<std::deque<int, std::allocator<int> >*, unsigned long, std::deque<int, std::allocator<int> >, std::deque<int, std::allocator<int> > >(std::deque<int, std::allocator<int> >*, unsigned long, std::deque<int, std::allocator<int> > const&, std::allocator<std::deque<int, std::allocator<int> > >&) (stl_uninitialized.h:366)
==6314== 
==6314== HEAP SUMMARY:
==6314==     in use at exit: 96,251,104 bytes in 31,257 blocks
==6314==   total heap usage: 31,259 allocs, 2 frees, 96,324,832 bytes allocated
==6314== 
==6314== LEAK SUMMARY:
==6314==    definitely lost: 0 bytes in 0 blocks
==6314==    indirectly lost: 0 bytes in 0 blocks
==6314==      possibly lost: 0 bytes in 0 blocks
==6314==    still reachable: 96,251,104 bytes in 31,257 blocks
==6314==         suppressed: 0 bytes in 0 blocks
==6314== Reachable blocks (those to which a pointer was found) are not shown.
==6314== To see them, rerun with: --leak-check=full --show-leak-kinds=all
==6314== 
==6314== For counts of detected and suppressed errors, rerun with: -v
==6314== ERROR SUMMARY: 0 errors from 0 contexts (suppressed: 0 from 0)
