==20231== Memcheck, a memory error detector
==20231== Copyright (C) 2002-2017, and GNU GPL'd, by Julian Seward et al.
==20231== Using Valgrind-3.13.0 and LibVEX; rerun with -h for copyright info
==20231== Command: /rhome/l/lbuturovic1/workspace/TP/Z2/Z3/.runme
==20231== Parent PID: 20210
==20231== 
==20231== 
==20231== Process terminating with default action of signal 1 (SIGHUP)
==20231==    at 0x56EF081: read (read.c:27)
==20231==    by 0x566C147: _IO_file_underflow@@GLIBC_2.2.5 (fileops.c:531)
==20231==    by 0x566D3F1: _IO_default_uflow (genops.c:380)
==20231==    by 0x512B95C: __gnu_cxx::stdio_sync_filebuf<char, std::char_traits<char> >::underflow() (in /usr/lib/x86_64-linux-gnu/libstdc++.so.6.0.25)
==20231==    by 0x5139739: std::istream::sentry::sentry(std::istream&, bool) (in /usr/lib/x86_64-linux-gnu/libstdc++.so.6.0.25)
==20231==    by 0x513996D: std::istream::operator>>(int&) (in /usr/lib/x86_64-linux-gnu/libstdc++.so.6.0.25)
==20231==    by 0x108E3D: main (main.cpp:51)
==20231== 
==20231== HEAP SUMMARY:
==20231==     in use at exit: 0 bytes in 0 blocks
==20231==   total heap usage: 2 allocs, 2 frees, 73,728 bytes allocated
==20231== 
==20231== All heap blocks were freed -- no leaks are possible
==20231== 
==20231== For counts of detected and suppressed errors, rerun with: -v
==20231== ERROR SUMMARY: 0 errors from 0 contexts (suppressed: 0 from 0)
