==3728== Memcheck, a memory error detector
==3728== Copyright (C) 2002-2017, and GNU GPL'd, by Julian Seward et al.
==3728== Using Valgrind-3.13.0 and LibVEX; rerun with -h for copyright info
==3728== Command: /rhome/l/lbuturovic1/workspace/TP/T11/Z4/.runme
==3728== Parent PID: 3702
==3728== 
==3728== 
==3728== Process terminating with default action of signal 1 (SIGHUP)
==3728==    at 0x56EF081: read (read.c:27)
==3728==    by 0x566C147: _IO_file_underflow@@GLIBC_2.2.5 (fileops.c:531)
==3728==    by 0x566D3F1: _IO_default_uflow (genops.c:380)
==3728==    by 0x512B95C: __gnu_cxx::stdio_sync_filebuf<char, std::char_traits<char> >::underflow() (in /usr/lib/x86_64-linux-gnu/libstdc++.so.6.0.25)
==3728==    by 0x50E8A38: std::istream::getline(char*, long, char) (in /usr/lib/x86_64-linux-gnu/libstdc++.so.6.0.25)
==3728==    by 0x10A7CB: main (main.cpp:246)
==3728== 
==3728== HEAP SUMMARY:
==3728==     in use at exit: 336 bytes in 7 blocks
==3728==   total heap usage: 9 allocs, 2 frees, 74,064 bytes allocated
==3728== 
==3728== LEAK SUMMARY:
==3728==    definitely lost: 0 bytes in 0 blocks
==3728==    indirectly lost: 0 bytes in 0 blocks
==3728==      possibly lost: 0 bytes in 0 blocks
==3728==    still reachable: 336 bytes in 7 blocks
==3728==         suppressed: 0 bytes in 0 blocks
==3728== Reachable blocks (those to which a pointer was found) are not shown.
==3728== To see them, rerun with: --leak-check=full --show-leak-kinds=all
==3728== 
==3728== For counts of detected and suppressed errors, rerun with: -v
==3728== ERROR SUMMARY: 0 errors from 0 contexts (suppressed: 0 from 0)
