==24507== Memcheck, a memory error detector
==24507== Copyright (C) 2002-2017, and GNU GPL'd, by Julian Seward et al.
==24507== Using Valgrind-3.13.0 and LibVEX; rerun with -h for copyright info
==24507== Command: /rhome/l/lbuturovic1/workspace/TP/Z3/Z3/.runme
==24507== Parent PID: 24500
==24507== 
==24507== 
==24507== Process terminating with default action of signal 1 (SIGHUP)
==24507==    at 0x56EF081: read (read.c:27)
==24507==    by 0x566C147: _IO_file_underflow@@GLIBC_2.2.5 (fileops.c:531)
==24507==    by 0x566D3F1: _IO_default_uflow (genops.c:380)
==24507==    by 0x512B95C: __gnu_cxx::stdio_sync_filebuf<char, std::char_traits<char> >::underflow() (in /usr/lib/x86_64-linux-gnu/libstdc++.so.6.0.25)
==24507==    by 0x5139739: std::istream::sentry::sentry(std::istream&, bool) (in /usr/lib/x86_64-linux-gnu/libstdc++.so.6.0.25)
==24507==    by 0x513996D: std::istream::operator>>(int&) (in /usr/lib/x86_64-linux-gnu/libstdc++.so.6.0.25)
==24507==    by 0x109323: main (main.cpp:153)
==24507== 
==24507== HEAP SUMMARY:
==24507==     in use at exit: 0 bytes in 0 blocks
==24507==   total heap usage: 2 allocs, 2 frees, 73,728 bytes allocated
==24507== 
==24507== All heap blocks were freed -- no leaks are possible
==24507== 
==24507== For counts of detected and suppressed errors, rerun with: -v
==24507== ERROR SUMMARY: 0 errors from 0 contexts (suppressed: 0 from 0)
