==29344== Memcheck, a memory error detector
==29344== Copyright (C) 2002-2017, and GNU GPL'd, by Julian Seward et al.
==29344== Using Valgrind-3.13.0 and LibVEX; rerun with -h for copyright info
==29344== Command: /rhome/l/lbuturovic1/workspace/TP/T3/Z1/.runme
==29344== Parent PID: 29304
==29344== 
==29344== 
==29344== Process terminating with default action of signal 1 (SIGHUP)
==29344==    at 0x56EF081: read (read.c:27)
==29344==    by 0x566C147: _IO_file_underflow@@GLIBC_2.2.5 (fileops.c:531)
==29344==    by 0x566D3F1: _IO_default_uflow (genops.c:380)
==29344==    by 0x512B95C: __gnu_cxx::stdio_sync_filebuf<char, std::char_traits<char> >::underflow() (in /usr/lib/x86_64-linux-gnu/libstdc++.so.6.0.25)
==29344==    by 0x5139739: std::istream::sentry::sentry(std::istream&, bool) (in /usr/lib/x86_64-linux-gnu/libstdc++.so.6.0.25)
==29344==    by 0x513996D: std::istream::operator>>(int&) (in /usr/lib/x86_64-linux-gnu/libstdc++.so.6.0.25)
==29344==    by 0x108F13: main (main.cpp:35)
==29344== 
==29344== HEAP SUMMARY:
==29344==     in use at exit: 0 bytes in 0 blocks
==29344==   total heap usage: 2 allocs, 2 frees, 73,728 bytes allocated
==29344== 
==29344== All heap blocks were freed -- no leaks are possible
==29344== 
==29344== For counts of detected and suppressed errors, rerun with: -v
==29344== ERROR SUMMARY: 0 errors from 0 contexts (suppressed: 0 from 0)
